<?xml version="1.0" encoding="UTF-8"?>
<testsuites>
  <testsuite name="fastlane.lanes">
    
    
    
      
      <testcase classname="fastlane.lanes" name="0: default_platform" time="0.003198">
        
      </testcase>
    
      
      <testcase classname="fastlane.lanes" name="1: clean bundleRelease" time="234.724568">
        
          <failure message="/Users/user/.rbenv/versions/3.2.2/lib/ruby/gems/3.2.0/gems/fastlane-2.212.2/fastlane/lib/fastlane/actions/actions_helper.rb:67:in `execute_action&apos;&#10;/Users/user/.rbenv/versions/3.2.2/lib/ruby/gems/3.2.0/gems/fastlane-2.212.2/fastlane/lib/fastlane/runner.rb:255:in `block in execute_action&apos;&#10;/Users/user/.rbenv/versions/3.2.2/lib/ruby/gems/3.2.0/gems/fastlane-2.212.2/fastlane/lib/fastlane/runner.rb:229:in `chdir&apos;&#10;/Users/user/.rbenv/versions/3.2.2/lib/ruby/gems/3.2.0/gems/fastlane-2.212.2/fastlane/lib/fastlane/runner.rb:229:in `execute_action&apos;&#10;/Users/user/.rbenv/versions/3.2.2/lib/ruby/gems/3.2.0/gems/fastlane-2.212.2/fastlane/lib/fastlane/runner.rb:157:in `trigger_action_by_name&apos;&#10;/Users/user/.rbenv/versions/3.2.2/lib/ruby/gems/3.2.0/gems/fastlane-2.212.2/fastlane/lib/fastlane/fast_file.rb:159:in `method_missing&apos;&#10;Fastfile:61:in `block (2 levels) in parsing_binding&apos;&#10;/Users/user/.rbenv/versions/3.2.2/lib/ruby/gems/3.2.0/gems/fastlane-2.212.2/fastlane/lib/fastlane/lane.rb:33:in `call&apos;&#10;/Users/user/.rbenv/versions/3.2.2/lib/ruby/gems/3.2.0/gems/fastlane-2.212.2/fastlane/lib/fastlane/runner.rb:49:in `block in execute&apos;&#10;/Users/user/.rbenv/versions/3.2.2/lib/ruby/gems/3.2.0/gems/fastlane-2.212.2/fastlane/lib/fastlane/runner.rb:45:in `chdir&apos;&#10;/Users/user/.rbenv/versions/3.2.2/lib/ruby/gems/3.2.0/gems/fastlane-2.212.2/fastlane/lib/fastlane/runner.rb:45:in `execute&apos;&#10;/Users/user/.rbenv/versions/3.2.2/lib/ruby/gems/3.2.0/gems/fastlane-2.212.2/fastlane/lib/fastlane/lane_manager.rb:47:in `cruise_lane&apos;&#10;/Users/user/.rbenv/versions/3.2.2/lib/ruby/gems/3.2.0/gems/fastlane-2.212.2/fastlane/lib/fastlane/command_line_handler.rb:36:in `handle&apos;&#10;/Users/user/.rbenv/versions/3.2.2/lib/ruby/gems/3.2.0/gems/fastlane-2.212.2/fastlane/lib/fastlane/commands_generator.rb:110:in `block (2 levels) in run&apos;&#10;/Users/user/.rbenv/versions/3.2.2/lib/ruby/gems/3.2.0/gems/commander-4.6.0/lib/commander/command.rb:187:in `call&apos;&#10;/Users/user/.rbenv/versions/3.2.2/lib/ruby/gems/3.2.0/gems/commander-4.6.0/lib/commander/command.rb:157:in `run&apos;&#10;/Users/user/.rbenv/versions/3.2.2/lib/ruby/gems/3.2.0/gems/commander-4.6.0/lib/commander/runner.rb:444:in `run_active_command&apos;&#10;/Users/user/.rbenv/versions/3.2.2/lib/ruby/gems/3.2.0/gems/fastlane-2.212.2/fastlane_core/lib/fastlane_core/ui/fastlane_runner.rb:124:in `run!&apos;&#10;/Users/user/.rbenv/versions/3.2.2/lib/ruby/gems/3.2.0/gems/commander-4.6.0/lib/commander/delegates.rb:18:in `run!&apos;&#10;/Users/user/.rbenv/versions/3.2.2/lib/ruby/gems/3.2.0/gems/fastlane-2.212.2/fastlane/lib/fastlane/commands_generator.rb:354:in `run&apos;&#10;/Users/user/.rbenv/versions/3.2.2/lib/ruby/gems/3.2.0/gems/fastlane-2.212.2/fastlane/lib/fastlane/commands_generator.rb:43:in `start&apos;&#10;/Users/user/.rbenv/versions/3.2.2/lib/ruby/gems/3.2.0/gems/fastlane-2.212.2/fastlane/lib/fastlane/cli_tools_distributor.rb:123:in `take_off&apos;&#10;/Users/user/.rbenv/versions/3.2.2/lib/ruby/gems/3.2.0/gems/fastlane-2.212.2/bin/fastlane:23:in `&lt;top (required)&gt;&apos;&#10;/usr/local/bin/fastlane:25:in `load&apos;&#10;/usr/local/bin/fastlane:25:in `&lt;top (required)&gt;&apos;&#10;/Users/user/.rbenv/versions/3.2.2/lib/ruby/3.2.0/bundler/cli/exec.rb:58:in `load&apos;&#10;/Users/user/.rbenv/versions/3.2.2/lib/ruby/3.2.0/bundler/cli/exec.rb:58:in `kernel_load&apos;&#10;/Users/user/.rbenv/versions/3.2.2/lib/ruby/3.2.0/bundler/cli/exec.rb:23:in `run&apos;&#10;/Users/user/.rbenv/versions/3.2.2/lib/ruby/3.2.0/bundler/cli.rb:492:in `exec&apos;&#10;/Users/user/.rbenv/versions/3.2.2/lib/ruby/3.2.0/bundler/vendor/thor/lib/thor/command.rb:27:in `run&apos;&#10;/Users/user/.rbenv/versions/3.2.2/lib/ruby/3.2.0/bundler/vendor/thor/lib/thor/invocation.rb:127:in `invoke_command&apos;&#10;/Users/user/.rbenv/versions/3.2.2/lib/ruby/3.2.0/bundler/vendor/thor/lib/thor.rb:392:in `dispatch&apos;&#10;/Users/user/.rbenv/versions/3.2.2/lib/ruby/3.2.0/bundler/cli.rb:34:in `dispatch&apos;&#10;/Users/user/.rbenv/versions/3.2.2/lib/ruby/3.2.0/bundler/vendor/thor/lib/thor/base.rb:485:in `start&apos;&#10;/Users/user/.rbenv/versions/3.2.2/lib/ruby/3.2.0/bundler/cli.rb:28:in `start&apos;&#10;/Users/user/.rbenv/versions/3.2.2/lib/ruby/gems/3.2.0/gems/bundler-2.4.10/libexec/bundle:45:in `block in &lt;top (required)&gt;&apos;&#10;/Users/user/.rbenv/versions/3.2.2/lib/ruby/3.2.0/bundler/friendly_errors.rb:117:in `with_friendly_errors&apos;&#10;/Users/user/.rbenv/versions/3.2.2/lib/ruby/gems/3.2.0/gems/bundler-2.4.10/libexec/bundle:33:in `&lt;top (required)&gt;&apos;&#10;/Users/user/.rbenv/versions/3.2.2/bin/bundle:25:in `load&apos;&#10;/Users/user/.rbenv/versions/3.2.2/bin/bundle:25:in `&lt;main&gt;&apos;&#10;&#10;Exit status of command &apos;/Volumes/DEV/School/my_avatar/gradlew clean bundleRelease -p .&apos; was 1 instead of 0.&#10;&gt; Task :clean UP-TO-DATE&#10;&gt; Task :app:clean&#10;&gt; Task :app:preBuild UP-TO-DATE&#10;&gt; Task :app:preDemoReleaseBuild UP-TO-DATE&#10;&gt; Task :app:compileDemoReleaseRenderscript NO-SOURCE&#10;&gt; Task :app:generateDemoReleaseResValues&#10;&gt; Task :app:generateDemoReleaseResources&#10;&gt; Task :app:processDemoReleaseGoogleServices&#10;&gt; Task :app:writeDemoReleaseApplicationId&#10;&gt; Task :app:analyticsRecordingDemoRelease&#10;&gt; Task :app:createDemoReleaseCompatibleScreenManifests&#10;&gt; Task :app:extractDeepLinksDemoRelease&#10;&gt; Task :app:processDemoReleaseMainManifest&#10;&gt; Task :app:processDemoReleaseManifest&#10;&gt; Task :app:processApplicationManifestDemoReleaseForBundle&#10;&gt; Task :app:mergeDemoReleaseShaders&#10;&gt; Task :app:compileDemoReleaseShaders NO-SOURCE&#10;&gt; Task :app:generateDemoReleaseAssets UP-TO-DATE&#10;&gt; Task :app:mergeDemoReleaseAssets&#10;&gt; Task :app:buildKotlinToolingMetadata&#10;&gt; Task :app:compileDemoReleaseAidl NO-SOURCE&#10;&gt; Task :app:dataBindingMergeDependencyArtifactsDemoRelease&#10;&gt; Task :app:dataBindingMergeGenClassesDemoRelease&#10;&gt; Task :app:generateDemoReleaseBuildConfig&#10;&gt; Task :app:checkDemoReleaseAarMetadata&#10;&gt; Task :app:processDemoReleaseJavaRes NO-SOURCE&#10;&gt; Task :app:processDemoReleaseManifestForPackage&#10;&gt; Task :app:javaPreCompileDemoRelease&#10;&gt; Task :app:checkDemoReleaseDuplicateClasses&#10;&gt; Task :app:desugarDemoReleaseFileDependencies&#10;&gt; Task :app:mergeDemoReleaseResources&#10;&gt; Task :app:mergeExtDexDemoRelease&#10;&gt; Task :app:mapDemoReleaseSourceSetPaths&#10;&gt; Task :app:dataBindingGenBaseClassesDemoRelease&#10;&gt; Task :app:mergeDemoReleaseJniLibFolders&#10;&gt; Task :app:mergeDemoReleaseNativeLibs NO-SOURCE&#10;&gt; Task :app:stripDemoReleaseDebugSymbols NO-SOURCE&#10;&gt; Task :app:writeDemoReleaseAppMetadata&#10;&gt; Task :app:bundleDemoReleaseResources&#10;&gt; Task :app:collectDemoReleaseDependencies&#10;&gt; Task :app:configureDemoReleaseDependencies&#10;&gt; Task :app:extractDemoReleaseNativeSymbolTables NO-SOURCE&#10;&gt; Task :app:mergeDemoReleaseArtProfile&#10;&gt; Task :app:preFullReleaseBuild UP-TO-DATE&#10;&gt; Task :app:parseDemoReleaseIntegrityConfig&#10;&gt; Task :app:compileFullReleaseRenderscript NO-SOURCE&#10;&gt; Task :app:processDemoReleaseResources&#10;&gt; Task :app:generateFullReleaseResValues&#10;&gt; Task :app:generateFullReleaseResources&#10;&gt; Task :app:processFullReleaseGoogleServices&#10;&gt; Task :app:writeFullReleaseApplicationId&#10;&gt; Task :app:analyticsRecordingFullRelease&#10;&gt; Task :app:createFullReleaseCompatibleScreenManifests&#10;&gt; Task :app:extractDeepLinksFullRelease&#10;&gt; Task :app:processFullReleaseMainManifest&#10;&gt; Task :app:processFullReleaseManifest&#10;&gt; Task :app:processApplicationManifestFullReleaseForBundle&#10;&gt; Task :app:compileDemoReleaseKotlin&#10;&gt; Task :app:checkFullReleaseDuplicateClasses&#10;&gt; Task :app:compileDemoReleaseJavaWithJavac&#10;&gt; Task :app:mergeDemoReleaseJavaResource&#10;&gt; Task :app:mergeFullReleaseResources&#10;&gt; Task :app:dexBuilderDemoRelease&#10;&gt; Task :app:mapFullReleaseSourceSetPaths&#10;&gt; Task :app:compileFullReleaseAidl NO-SOURCE&#10;&gt; Task :app:dataBindingMergeDependencyArtifactsFullRelease&#10;&gt; Task :app:dataBindingMergeGenClassesFullRelease&#10;&gt; Task :app:dataBindingGenBaseClassesFullRelease&#10;&gt; Task :app:generateFullReleaseBuildConfig&#10;&gt; Task :app:checkFullReleaseAarMetadata&#10;&gt; Task :app:javaPreCompileFullRelease&#10;&gt; Task :app:desugarFullReleaseFileDependencies&#10;&gt; Task :app:processFullReleaseManifestForPackage&#10;&gt; Task :app:bundleFullReleaseResources&#10;&gt; Task :app:mergeFullReleaseShaders&#10;&gt; Task :app:compileFullReleaseShaders NO-SOURCE&#10;&gt; Task :app:generateFullReleaseAssets UP-TO-DATE&#10;&gt; Task :app:mergeFullReleaseAssets&#10;&gt; Task :app:processFullReleaseJavaRes NO-SOURCE&#10;&gt; Task :app:mergeFullReleaseJniLibFolders&#10;&gt; Task :app:mergeFullReleaseNativeLibs NO-SOURCE&#10;&gt; Task :app:stripFullReleaseDebugSymbols NO-SOURCE&#10;&gt; Task :app:writeFullReleaseAppMetadata&#10;&gt; Task :app:processFullReleaseResources&#10;&gt; Task :app:mergeExtDexFullRelease&#10;&gt; Task :app:mergeDexDemoRelease&#10;&gt; Task :app:mergeFullReleaseArtProfile&#10;&gt; Task :app:collectFullReleaseDependencies&#10;&gt; Task :app:buildDemoReleasePreBundle&#10;&gt; Task :app:configureFullReleaseDependencies&#10;&gt; Task :app:extractFullReleaseNativeSymbolTables NO-SOURCE&#10;&gt; Task :app:parseFullReleaseIntegrityConfig UP-TO-DATE&#10;&gt; Task :app:compileDemoReleaseArtProfile&#10;&gt; Task :app:packageDemoReleaseBundle&#10;&gt; Task :app:signDemoReleaseBundle FAILED&#10;&gt; Task :app:compileFullReleaseKotlin&#10;&#10;FAILURE: Build failed with an exception.&#10;&#10;* What went wrong:&#10;Execution failed for task &apos;:app:signDemoReleaseBundle&apos;.&#10;&gt; A failure occurred while executing com.android.build.gradle.internal.tasks.FinalizeBundleTask$BundleToolRunnable&#10;   &gt; java.lang.NullPointerException (no error message)&#10;&#10;* Try:&#10;&gt; Run with --stacktrace option to get the stack trace.&#10;&gt; Run with --info or --debug option to get more log output.&#10;&gt; Run with --scan to get full insights.&#10;&#10;* Get more help at https://help.gradle.org&#10;&#10;BUILD FAILED in 3m 52s&#10;75 actionable tasks: 73 executed, 2 up-to-date&#10;" />
        
      </testcase>
    
  </testsuite>
</testsuites>
